# SQL Processing
> 
* [Docs Oracle - SQL Processing](https://docs.oracle.com/en/database/oracle/oracle-database/23/tgsql/sql-processing.html#GUID-B3415175-41F2-4EBB-95CF-5F8B5C39E927)

<hr>
<br>

## SQL Parsing, Optimization, Row-Source Generation, Execution
#### 

<div align="center">
  <img width="30%" src="https://github.com/user-attachments/assets/a6678dad-57a7-4abd-8f72-0a79bb2ea593">
</div>

<br>

### SQL Parsing
* Syntax Error
  ```sql
  SQL> SELECT * FORM employees;
  SELECT * FORM employees
           *
  ERROR at line 1:
  ORA-00923: FROM keyword not found where expected
  ```
* Semantic Error
  ```sql
  SQL> SELECT * FROM nonexistent_table;
  SELECT * FROM nonexistent_table
                *
  ERROR at line 1:
  ORA-00942: table or view does not exist
  ```
* Shared Pool Check
  * Shared Pool -> Shared SQL Area (Cursor Cache)
    * DDL (w/o Subquery) && DML -> Hard Parse (library cache miss)
      * Latch
    * DML (w/ Subquery) -> Soft Parse (library cache hit)
      * Semantic Error Check
      * Optimizer Environment Check
* Cursor
  * 2 Process에 모두 존재한다
    * Client Process (Pointer)
    * Server Process (구현체?)

<div align="center">
  <img width="35%" src="https://github.com/user-attachments/assets/075547b6-94c7-4d66-953b-b8c1c64781a0">
  <img width="40%" src="https://github.com/user-attachments/assets/b89a20ea-1640-4967-9585-f6e00254a366">
</div>

<br>

### Optimization
* Generation of Multiple Execution Plans
  * [Query Transformer](https://docs.oracle.com/en/database/oracle/oracle-database/23/tgsql/query-transformations.html#GUID-0D5B9093-CDEA-45AC-A607-1F0D8F2615DD)
    * OR Expansion
    * View Merging
    * Predicate Pushing for Unmerged View
    * Subquery Unnesting
    * Pushing Subquery for Nested Subquery
    * Materialized View
    * Table Expansion
    * Join Factorization
  * Estimator
    * Selectivity
    * Cardinality
    * Cost
  * Plan Generator
    * try out and compare all the possible combinations of the plans

<div align="center">
  <img width="40%" src="https://github.com/user-attachments/assets/b95f2786-854c-413e-8c05-a64b68af8e7f">
  <img width="40%" src="https://github.com/user-attachments/assets/6da4494f-82d7-4b28-a269-38aa5f0a3f89">
</div>

<br>

### Row-Source Generation
* Generation of Query Plan
  * iterative execution plan (iterative execution plan)
    ```
    SELECT e.last_name, j.job_title, d.department_name 
    FROM   hr.employees e, hr.departments d, hr.jobs j
    WHERE  e.department_id = d.department_id
    AND    e.job_id = j.job_id
    AND    e.last_name LIKE 'A%';
     
    Execution Plan
    ----------------------------------------------------------
    Plan hash value: 975837011
    
    ---------------------------------------------------------------------------
    | Id| Operation                    | Name      |Rows|Bytes|Cost(%CPU)|Time|
    ---------------------------------------------------------------------------
    | 0| SELECT STATEMENT              |             | 3 |189 |7(15)|00:00:01 |
    |*1|  HASH JOIN                    |             | 3 |189 |7(15)|00:00:01 |
    |*2|   HASH JOIN                   |             | 3 |141 |5(20)|00:00:01 |
    | 3|    TABLE ACCESS BY INDEX ROWID| EMPLOYEES   | 3 | 60 |2 (0)|00:00:01 |
    |*4|     INDEX RANGE SCAN          | EMP_NAME_IX | 3 |    |1 (0)|00:00:01 |
    | 5|    TABLE ACCESS FULL          | JOBS        |19 |513 |2 (0)|00:00:01 |
    | 6|   TABLE ACCESS FULL           | DEPARTMENTS |27 |432 |2 (0)|00:00:01 |
    ---------------------------------------------------------------------------
     
    Predicate Information (identified by operation id):
    ---------------------------------------------------
     
       1 - access("E"."DEPARTMENT_ID"="D"."DEPARTMENT_ID")
       2 - access("E"."JOB_ID"="J"."JOB_ID")
       4 - access("E"."LAST_NAME" LIKE 'A%')
           filter("E"."LAST_NAME" LIKE 'A%')
    ```
* Row-Source Tree
  * Row-Source (identified by Id Column in the Execution Plan)
    * Ordering of the Tables
    * Access Method
    * Join Method
    * Data Operation

<div align="center">
  <img width="25%" src="https://github.com/user-attachments/assets/4ca975f1-6c75-4a9d-be14-e535b09db249">
</div>

<br>

### Execution
* SQL Engine
  * retrieve data from disk into memory if the data is not in memory
  * take out any locks and latches necessary to ensure data integrity
  * log any changes made during the SQL execution
* execution of a cursor
  * save data in the result set
* fetch call
  * Result set rows can be fetched either a row at a time or in groups

<br>
<hr>
<br>
